Determining if the pthread_create exist failed with the following output:
Change Dir: /home/jin/catkin_ws/src/earl/CMakeFiles/CMakeTmp

Run Build Command:/usr/bin/make "cmTryCompileExec4280397445/fast"
/usr/bin/make -f CMakeFiles/cmTryCompileExec4280397445.dir/build.make CMakeFiles/cmTryCompileExec4280397445.dir/build
make[1]: Entering directory `/home/jin/catkin_ws/src/earl/CMakeFiles/CMakeTmp'
/usr/bin/cmake -E cmake_progress_report /home/jin/catkin_ws/src/earl/CMakeFiles/CMakeTmp/CMakeFiles 1
Building C object CMakeFiles/cmTryCompileExec4280397445.dir/CheckSymbolExists.c.o
/usr/bin/cc    -o CMakeFiles/cmTryCompileExec4280397445.dir/CheckSymbolExists.c.o   -c /home/jin/catkin_ws/src/earl/CMakeFiles/CMakeTmp/CheckSymbolExists.c
Linking C executable cmTryCompileExec4280397445
/usr/bin/cmake -E cmake_link_script CMakeFiles/cmTryCompileExec4280397445.dir/link.txt --verbose=1
/usr/bin/cc       CMakeFiles/cmTryCompileExec4280397445.dir/CheckSymbolExists.c.o  -o cmTryCompileExec4280397445 -rdynamic 
CMakeFiles/cmTryCompileExec4280397445.dir/CheckSymbolExists.c.o: In function `main':
CheckSymbolExists.c:(.text+0x16): undefined reference to `pthread_create'
collect2: error: ld returned 1 exit status
make[1]: *** [cmTryCompileExec4280397445] Error 1
make[1]: Leaving directory `/home/jin/catkin_ws/src/earl/CMakeFiles/CMakeTmp'
make: *** [cmTryCompileExec4280397445/fast] Error 2

File /home/jin/catkin_ws/src/earl/CMakeFiles/CMakeTmp/CheckSymbolExists.c:
/* */
#include <pthread.h>

int main(int argc, char** argv)
{
  (void)argv;
#ifndef pthread_create
  return ((int*)(&pthread_create))[argc];
#else
  (void)argc;
  return 0;
#endif
}

Determining if the function pthread_create exists in the pthreads failed with the following output:
Change Dir: /home/jin/catkin_ws/src/earl/CMakeFiles/CMakeTmp

Run Build Command:/usr/bin/make "cmTryCompileExec2300636058/fast"
/usr/bin/make -f CMakeFiles/cmTryCompileExec2300636058.dir/build.make CMakeFiles/cmTryCompileExec2300636058.dir/build
make[1]: Entering directory `/home/jin/catkin_ws/src/earl/CMakeFiles/CMakeTmp'
/usr/bin/cmake -E cmake_progress_report /home/jin/catkin_ws/src/earl/CMakeFiles/CMakeTmp/CMakeFiles 1
Building C object CMakeFiles/cmTryCompileExec2300636058.dir/CheckFunctionExists.c.o
/usr/bin/cc   -DCHECK_FUNCTION_EXISTS=pthread_create   -o CMakeFiles/cmTryCompileExec2300636058.dir/CheckFunctionExists.c.o   -c /usr/share/cmake-2.8/Modules/CheckFunctionExists.c
Linking C executable cmTryCompileExec2300636058
/usr/bin/cmake -E cmake_link_script CMakeFiles/cmTryCompileExec2300636058.dir/link.txt --verbose=1
/usr/bin/cc   -DCHECK_FUNCTION_EXISTS=pthread_create    CMakeFiles/cmTryCompileExec2300636058.dir/CheckFunctionExists.c.o  -o cmTryCompileExec2300636058 -rdynamic -lpthreads 
/usr/bin/ld: cannot find -lpthreads
collect2: error: ld returned 1 exit status
make[1]: *** [cmTryCompileExec2300636058] Error 1
make[1]: Leaving directory `/home/jin/catkin_ws/src/earl/CMakeFiles/CMakeTmp'
make: *** [cmTryCompileExec2300636058/fast] Error 2


