Determining if the pthread_create exist failed with the following output:
Change Dir: /home/trin_igvc/catkin_ws/src/hector_slam/build/CMakeFiles/CMakeTmp

Run Build Command:/usr/bin/make "cmTryCompileExec4258363885/fast"
/usr/bin/make -f CMakeFiles/cmTryCompileExec4258363885.dir/build.make CMakeFiles/cmTryCompileExec4258363885.dir/build
make[1]: Entering directory `/home/trin_igvc/catkin_ws/src/hector_slam/build/CMakeFiles/CMakeTmp'
/usr/bin/cmake -E cmake_progress_report /home/trin_igvc/catkin_ws/src/hector_slam/build/CMakeFiles/CMakeTmp/CMakeFiles 1
Building C object CMakeFiles/cmTryCompileExec4258363885.dir/CheckSymbolExists.c.o
/usr/bin/cc    -o CMakeFiles/cmTryCompileExec4258363885.dir/CheckSymbolExists.c.o   -c /home/trin_igvc/catkin_ws/src/hector_slam/build/CMakeFiles/CMakeTmp/CheckSymbolExists.c
Linking C executable cmTryCompileExec4258363885
/usr/bin/cmake -E cmake_link_script CMakeFiles/cmTryCompileExec4258363885.dir/link.txt --verbose=1
/usr/bin/cc       CMakeFiles/cmTryCompileExec4258363885.dir/CheckSymbolExists.c.o  -o cmTryCompileExec4258363885 -rdynamic 
CMakeFiles/cmTryCompileExec4258363885.dir/CheckSymbolExists.c.o: In function `main':
CheckSymbolExists.c:(.text+0x16): undefined reference to `pthread_create'
collect2: error: ld returned 1 exit status
make[1]: *** [cmTryCompileExec4258363885] Error 1
make[1]: Leaving directory `/home/trin_igvc/catkin_ws/src/hector_slam/build/CMakeFiles/CMakeTmp'
make: *** [cmTryCompileExec4258363885/fast] Error 2

File /home/trin_igvc/catkin_ws/src/hector_slam/build/CMakeFiles/CMakeTmp/CheckSymbolExists.c:
/* */
#include <pthread.h>

int main(int argc, char** argv)
{
  (void)argv;
#ifndef pthread_create
  return ((int*)(&pthread_create))[argc];
#else
  (void)argc;
  return 0;
#endif
}

Determining if the function pthread_create exists in the pthreads failed with the following output:
Change Dir: /home/trin_igvc/catkin_ws/src/hector_slam/build/CMakeFiles/CMakeTmp

Run Build Command:/usr/bin/make "cmTryCompileExec3360199501/fast"
/usr/bin/make -f CMakeFiles/cmTryCompileExec3360199501.dir/build.make CMakeFiles/cmTryCompileExec3360199501.dir/build
make[1]: Entering directory `/home/trin_igvc/catkin_ws/src/hector_slam/build/CMakeFiles/CMakeTmp'
/usr/bin/cmake -E cmake_progress_report /home/trin_igvc/catkin_ws/src/hector_slam/build/CMakeFiles/CMakeTmp/CMakeFiles 1
Building C object CMakeFiles/cmTryCompileExec3360199501.dir/CheckFunctionExists.c.o
/usr/bin/cc   -DCHECK_FUNCTION_EXISTS=pthread_create   -o CMakeFiles/cmTryCompileExec3360199501.dir/CheckFunctionExists.c.o   -c /usr/share/cmake-2.8/Modules/CheckFunctionExists.c
Linking C executable cmTryCompileExec3360199501
/usr/bin/cmake -E cmake_link_script CMakeFiles/cmTryCompileExec3360199501.dir/link.txt --verbose=1
/usr/bin/cc   -DCHECK_FUNCTION_EXISTS=pthread_create    CMakeFiles/cmTryCompileExec3360199501.dir/CheckFunctionExists.c.o  -o cmTryCompileExec3360199501 -rdynamic -lpthreads 
/usr/bin/ld: cannot find -lpthreads
collect2: error: ld returned 1 exit status
make[1]: *** [cmTryCompileExec3360199501] Error 1
make[1]: Leaving directory `/home/trin_igvc/catkin_ws/src/hector_slam/build/CMakeFiles/CMakeTmp'
make: *** [cmTryCompileExec3360199501/fast] Error 2


Determining if the Q_WS_WIN exist failed with the following output:
Change Dir: /home/trin_igvc/catkin_ws/src/hector_slam/build/CMakeFiles/CMakeTmp

Run Build Command:/usr/bin/make "cmTryCompileExec4183262426/fast"
/usr/bin/make -f CMakeFiles/cmTryCompileExec4183262426.dir/build.make CMakeFiles/cmTryCompileExec4183262426.dir/build
make[1]: Entering directory `/home/trin_igvc/catkin_ws/src/hector_slam/build/CMakeFiles/CMakeTmp'
/usr/bin/cmake -E cmake_progress_report /home/trin_igvc/catkin_ws/src/hector_slam/build/CMakeFiles/CMakeTmp/CMakeFiles 1
Building CXX object CMakeFiles/cmTryCompileExec4183262426.dir/CheckSymbolExists.cxx.o
/usr/bin/c++    -I/usr/include/qt4    -o CMakeFiles/cmTryCompileExec4183262426.dir/CheckSymbolExists.cxx.o -c /home/trin_igvc/catkin_ws/src/hector_slam/build/CMakeFiles/CMakeTmp/CheckSymbolExists.cxx
/home/trin_igvc/catkin_ws/src/hector_slam/build/CMakeFiles/CMakeTmp/CheckSymbolExists.cxx: In function ‘int main(int, char**)’:
/home/trin_igvc/catkin_ws/src/hector_slam/build/CMakeFiles/CMakeTmp/CheckSymbolExists.cxx:8:19: error: ‘Q_WS_WIN’ was not declared in this scope
   return ((int*)(&Q_WS_WIN))[argc];
                   ^
make[1]: Leaving directory `/home/trin_igvc/catkin_ws/src/hector_slam/build/CMakeFiles/CMakeTmp'
make[1]: *** [CMakeFiles/cmTryCompileExec4183262426.dir/CheckSymbolExists.cxx.o] Error 1
make: *** [cmTryCompileExec4183262426/fast] Error 2

File /home/trin_igvc/catkin_ws/src/hector_slam/build/CMakeFiles/CMakeTmp/CheckSymbolExists.cxx:
/* */
#include <QtCore/qglobal.h>

int main(int argc, char** argv)
{
  (void)argv;
#ifndef Q_WS_WIN
  return ((int*)(&Q_WS_WIN))[argc];
#else
  (void)argc;
  return 0;
#endif
}

Determining if the Q_WS_QWS exist failed with the following output:
Change Dir: /home/trin_igvc/catkin_ws/src/hector_slam/build/CMakeFiles/CMakeTmp

Run Build Command:/usr/bin/make "cmTryCompileExec1182870667/fast"
/usr/bin/make -f CMakeFiles/cmTryCompileExec1182870667.dir/build.make CMakeFiles/cmTryCompileExec1182870667.dir/build
make[1]: Entering directory `/home/trin_igvc/catkin_ws/src/hector_slam/build/CMakeFiles/CMakeTmp'
/usr/bin/cmake -E cmake_progress_report /home/trin_igvc/catkin_ws/src/hector_slam/build/CMakeFiles/CMakeTmp/CMakeFiles 1
Building CXX object CMakeFiles/cmTryCompileExec1182870667.dir/CheckSymbolExists.cxx.o
/usr/bin/c++    -I/usr/include/qt4    -o CMakeFiles/cmTryCompileExec1182870667.dir/CheckSymbolExists.cxx.o -c /home/trin_igvc/catkin_ws/src/hector_slam/build/CMakeFiles/CMakeTmp/CheckSymbolExists.cxx
/home/trin_igvc/catkin_ws/src/hector_slam/build/CMakeFiles/CMakeTmp/CheckSymbolExists.cxx: In function ‘int main(int, char**)’:
/home/trin_igvc/catkin_ws/src/hector_slam/build/CMakeFiles/CMakeTmp/CheckSymbolExists.cxx:8:19: error: ‘Q_WS_QWS’ was not declared in this scope
   return ((int*)(&Q_WS_QWS))[argc];
                   ^
make[1]: *** [CMakeFiles/cmTryCompileExec1182870667.dir/CheckSymbolExists.cxx.o] Error 1
make[1]: Leaving directory `/home/trin_igvc/catkin_ws/src/hector_slam/build/CMakeFiles/CMakeTmp'
make: *** [cmTryCompileExec1182870667/fast] Error 2

File /home/trin_igvc/catkin_ws/src/hector_slam/build/CMakeFiles/CMakeTmp/CheckSymbolExists.cxx:
/* */
#include <QtCore/qglobal.h>

int main(int argc, char** argv)
{
  (void)argv;
#ifndef Q_WS_QWS
  return ((int*)(&Q_WS_QWS))[argc];
#else
  (void)argc;
  return 0;
#endif
}

Determining if the Q_WS_MAC exist failed with the following output:
Change Dir: /home/trin_igvc/catkin_ws/src/hector_slam/build/CMakeFiles/CMakeTmp

Run Build Command:/usr/bin/make "cmTryCompileExec711507778/fast"
/usr/bin/make -f CMakeFiles/cmTryCompileExec711507778.dir/build.make CMakeFiles/cmTryCompileExec711507778.dir/build
make[1]: Entering directory `/home/trin_igvc/catkin_ws/src/hector_slam/build/CMakeFiles/CMakeTmp'
/usr/bin/cmake -E cmake_progress_report /home/trin_igvc/catkin_ws/src/hector_slam/build/CMakeFiles/CMakeTmp/CMakeFiles 1
Building CXX object CMakeFiles/cmTryCompileExec711507778.dir/CheckSymbolExists.cxx.o
/usr/bin/c++    -I/usr/include/qt4    -o CMakeFiles/cmTryCompileExec711507778.dir/CheckSymbolExists.cxx.o -c /home/trin_igvc/catkin_ws/src/hector_slam/build/CMakeFiles/CMakeTmp/CheckSymbolExists.cxx
/home/trin_igvc/catkin_ws/src/hector_slam/build/CMakeFiles/CMakeTmp/CheckSymbolExists.cxx: In function ‘int main(int, char**)’:
/home/trin_igvc/catkin_ws/src/hector_slam/build/CMakeFiles/CMakeTmp/CheckSymbolExists.cxx:8:19: error: ‘Q_WS_MAC’ was not declared in this scope
   return ((int*)(&Q_WS_MAC))[argc];
                   ^
make[1]: *** [CMakeFiles/cmTryCompileExec711507778.dir/CheckSymbolExists.cxx.o] Error 1
make[1]: Leaving directory `/home/trin_igvc/catkin_ws/src/hector_slam/build/CMakeFiles/CMakeTmp'
make: *** [cmTryCompileExec711507778/fast] Error 2

File /home/trin_igvc/catkin_ws/src/hector_slam/build/CMakeFiles/CMakeTmp/CheckSymbolExists.cxx:
/* */
#include <QtCore/qglobal.h>

int main(int argc, char** argv)
{
  (void)argv;
#ifndef Q_WS_MAC
  return ((int*)(&Q_WS_MAC))[argc];
#else
  (void)argc;
  return 0;
#endif
}

